[INFO ] 2019-02-13T09:03:27,018Z [main] webserver.CmdLineOptions.loadConfig - Config:
{
    # hardcoded value
    "baseDirectory" : "C:\\Users\\kaushik.sarma\\Documents\\Training\\Blockchain\\Corda tutorial\\samples\\cordapp-example\\kotlin-source\\build\\nodes\\PartyA",
    # web-reference.conf @ jar:file:/C:/Users/kaushik.sarma/AppData/Local/capsule/apps/net.corda.webserver.WebServer_3.3-corda/corda-webserver-impl-3.3-corda.jar!/web-reference.conf: 2
    "keyStorePassword" : "cordacadevpass",
    # C:\Users\kaushik.sarma\Documents\Training\Blockchain\Corda tutorial\samples\cordapp-example\kotlin-source\build\nodes\PartyA\node.conf: 1
    "myLegalName" : "O=PartyA,L=London,C=GB",
    # C:\Users\kaushik.sarma\Documents\Training\Blockchain\Corda tutorial\samples\cordapp-example\kotlin-source\build\nodes\PartyA\node.conf: 2
    "p2pAddress" : "localhost:10007",
    # C:\Users\kaushik.sarma\Documents\Training\Blockchain\Corda tutorial\samples\cordapp-example\kotlin-source\build\nodes\PartyA\node.conf: 3
    "rpcSettings" : {
        # C:\Users\kaushik.sarma\Documents\Training\Blockchain\Corda tutorial\samples\cordapp-example\kotlin-source\build\nodes\PartyA\node.conf: 4
        "address" : "localhost:10008",
        # C:\Users\kaushik.sarma\Documents\Training\Blockchain\Corda tutorial\samples\cordapp-example\kotlin-source\build\nodes\PartyA\node.conf: 5
        "adminAddress" : "localhost:10048"
    },
    # C:\Users\kaushik.sarma\Documents\Training\Blockchain\Corda tutorial\samples\cordapp-example\kotlin-source\build\nodes\PartyA\node.conf: 7
    "rpcUsers" : [
        # C:\Users\kaushik.sarma\Documents\Training\Blockchain\Corda tutorial\samples\cordapp-example\kotlin-source\build\nodes\PartyA\node.conf: 8
        {
            # C:\Users\kaushik.sarma\Documents\Training\Blockchain\Corda tutorial\samples\cordapp-example\kotlin-source\build\nodes\PartyA\node.conf: 9
            "password" : "test",
            # C:\Users\kaushik.sarma\Documents\Training\Blockchain\Corda tutorial\samples\cordapp-example\kotlin-source\build\nodes\PartyA\node.conf: 10
            "permissions" : [
                # C:\Users\kaushik.sarma\Documents\Training\Blockchain\Corda tutorial\samples\cordapp-example\kotlin-source\build\nodes\PartyA\node.conf: 11
                "ALL"
            ],
            # C:\Users\kaushik.sarma\Documents\Training\Blockchain\Corda tutorial\samples\cordapp-example\kotlin-source\build\nodes\PartyA\node.conf: 13
            "user" : "user1"
        }
    ],
    # web-reference.conf @ jar:file:/C:/Users/kaushik.sarma/AppData/Local/capsule/apps/net.corda.webserver.WebServer_3.3-corda/corda-webserver-impl-3.3-corda.jar!/web-reference.conf: 3
    "trustStorePassword" : "trustpass",
    # web-reference.conf @ jar:file:/C:/Users/kaushik.sarma/AppData/Local/capsule/apps/net.corda.webserver.WebServer_3.3-corda/corda-webserver-impl-3.3-corda.jar!/web-reference.conf: 1
    "useHTTPS" : false,
    # C:\Users\kaushik.sarma\Documents\Training\Blockchain\Corda tutorial\samples\cordapp-example\kotlin-source\build\nodes\PartyA\node.conf: 16
    "webAddress" : "localhost:10009"
}
 {}
[INFO ] 2019-02-13T09:03:27,063Z [main] Main.main - Main class: /C:/Users/kaushik.sarma/AppData/Local/capsule/apps/net.corda.webserver.WebServer_3.3-corda/corda-webserver-impl-3.3-corda.jar {}
[INFO ] 2019-02-13T09:03:27,127Z [main] Main.main - CommandLine Args: -Xmx200m -XX:+UseG1GC -agentlib:jdwp=transport=dt_socket,server=y,suspend=n,address=5007 -javaagent:drivers/jolokia-jvm-1.3.7-agent.jar=port=7007,logHandlerClass=net.corda.webserver.JolokiaSlf4Adapter -javaagent:C:\Users\kaushik.sarma\Documents\Training\Blockchain\Corda tutorial\samples\cordapp-example\kotlin-source\build\nodes\PartyA\corda-webserver.jar -javaagent:C:\Users\kaushik.sarma\AppData\Local\capsule\apps\net.corda.webserver.WebServer_3.3-corda\quasar-core-0.7.9-jdk8.jar -Dcapsule.address=0.0.0.0 -Dvisualvm.display.name=Corda -Djava.library.path=C:\Program Files (x86)\Java\jre1.8.0_201\bin;C:\windows\Sun\Java\bin;C:\windows\system32;C:\windows;C:\Program Files (x86)\Common Files\Oracle\Java\javapath;C:\Program Files (x86)\Intel\Intel(R) Management Engine Components\iCLS;C:\Program Files\Intel\Intel(R) Management Engine Components\iCLS;C:\windows\system32;C:\windows;C:\windows\System32\Wbem;C:\windows\System32\WindowsPowerShell\v1.0;C:\windows\System32\OpenSSH;C:\Program Files (x86)\Intel\Intel(R) Management Engine Components\DAL;C:\Program Files\Intel\Intel(R) Management Engine Components\DAL;C:\Program Files\Geth;C:\Program Files\nodejs;C:\ProgramData\chocolatey\bin;C:\Program Files\Git\cmd;C:\Program Files\Git\mingw64\bin;C:\Program Files\Git\usr\bin;C:\Users\kaushik.sarma\AppData\Local\Microsoft\WindowsApps;C:\Program Files\JetBrains\IntelliJ IDEA Community Edition 2018.3\bin;C:\Users\kaushik.sarma\AppData\Local\Programs\Microsoft VS Code\bin;C:\Users\kaushik.sarma\AppData\Roaming\npm;C:\Users\kaushik.sarma\AppData\Local\Programs\Python\Python37;C:\Users\kaushik.sarma\AppData\Local\Programs\Python\Python37\Scripts;C:\Users\kaushik.sarma\AppData\Local\capsule\apps\net.corda.webserver.WebServer_3.3-corda -Dcapsule.log=1 -Dcapsule.app=net.corda.webserver.WebServer_3.3-corda -Dcapsule.port=56898 -Dname=PartyA-corda-webserver.jar -Dcapsule.jvm.args=-agentlib:jdwp=transport=dt_socket,server=y,suspend=n,address=5007 -javaagent:drivers/jolokia-jvm-1.3.7-agent.jar=port=7007,logHandlerClass=net.corda.webserver.JolokiaSlf4Adapter -DWebserver -Dcapsule.dir=C:\Users\kaushik.sarma\AppData\Local\capsule\apps\net.corda.webserver.WebServer_3.3-corda -Dcapsule.jar=C:\Users\kaushik.sarma\Documents\Training\Blockchain\Corda tutorial\samples\cordapp-example\kotlin-source\build\nodes\PartyA\corda-webserver.jar {}
[INFO ] 2019-02-13T09:03:27,323Z [main] Main.main - Application Args:  {}
[INFO ] 2019-02-13T09:03:27,323Z [main] Main.main - bootclasspath: C:\Program Files (x86)\Java\jre1.8.0_201\lib\resources.jar;C:\Program Files (x86)\Java\jre1.8.0_201\lib\rt.jar;C:\Program Files (x86)\Java\jre1.8.0_201\lib\sunrsasign.jar;C:\Program Files (x86)\Java\jre1.8.0_201\lib\jsse.jar;C:\Program Files (x86)\Java\jre1.8.0_201\lib\jce.jar;C:\Program Files (x86)\Java\jre1.8.0_201\lib\charsets.jar;C:\Program Files (x86)\Java\jre1.8.0_201\lib\jfr.jar;C:\Program Files (x86)\Java\jre1.8.0_201\classes {}
[INFO ] 2019-02-13T09:03:27,324Z [main] Main.main - classpath: C:\Users\kaushik.sarma\Documents\Training\Blockchain\Corda tutorial\samples\cordapp-example\kotlin-source\build\nodes\PartyA\corda-webserver.jar;C:\Users\kaushik.sarma\AppData\Local\capsule\apps\net.corda.webserver.WebServer_3.3-corda\corda-rpc-3.3-corda.jar;C:\Users\kaushik.sarma\AppData\Local\capsule\apps\net.corda.webserver.WebServer_3.3-corda\corda-jackson-3.3-corda.jar;C:\Users\kaushik.sarma\AppData\Local\capsule\apps\net.corda.webserver.WebServer_3.3-corda\corda-node-api-3.3-corda.jar;C:\Users\kaushik.sarma\AppData\Local\capsule\apps\net.corda.webserver.WebServer_3.3-corda\corda-core-3.3-corda.jar;C:\Users\kaushik.sarma\AppData\Local\capsule\apps\net.corda.webserver.WebServer_3.3-corda\jetty-webapp-9.4.7.v20170914.jar;C:\Users\kaushik.sarma\AppData\Local\capsule\apps\net.corda.webserver.WebServer_3.3-corda\jetty-servlet-9.4.7.v20170914.jar;C:\Users\kaushik.sarma\AppData\Local\capsule\apps\net.corda.webserver.WebServer_3.3-corda\jersey-container-jetty-http-2.25.jar;C:\Users\kaushik.sarma\AppData\Local\capsule\apps\net.corda.webserver.WebServer_3.3-corda\jetty-security-9.4.7.v20170914.jar;C:\Users\kaushik.sarma\AppData\Local\capsule\apps\net.corda.webserver.WebServer_3.3-corda\jetty-server-9.4.7.v20170914.jar;C:\Users\kaushik.sarma\AppData\Local\capsule\apps\net.corda.webserver.WebServer_3.3-corda\javax.servlet-api-3.1.0.jar;C:\Users\kaushik.sarma\AppData\Local\capsule\apps\net.corda.webserver.WebServer_3.3-corda\commons-fileupload-1.3.3.jar;C:\Users\kaushik.sarma\AppData\Local\capsule\apps\net.corda.webserver.WebServer_3.3-corda\log4j-slf4j-impl-2.9.1.jar;C:\Users\kaushik.sarma\AppData\Local\capsule\apps\net.corda.webserver.WebServer_3.3-corda\log4j-core-2.9.1.jar;C:\Users\kaushik.sarma\AppData\Local\capsule\apps\net.corda.webserver.WebServer_3.3-corda\jopt-simple-5.0.2.jar;C:\Users\kaushik.sarma\AppData\Local\capsule\apps\net.corda.webserver.WebServer_3.3-corda\jetty-continuation-9.4.7.v20170914.jar;C:\Users\kaushik.sarma\AppData\Local\capsule\apps\net.corda.webserver.WebServer_3.3-corda\jersey-container-servlet-2.25.jar;C:\Users\kaushik.sarma\AppData\Local\capsule\apps\net.corda.webserver.WebServer_3.3-corda\jersey-container-servlet-core-2.25.jar;C:\Users\kaushik.sarma\AppData\Local\capsule\apps\net.corda.webserver.WebServer_3.3-corda\jersey-server-2.25.jar;C:\Users\kaushik.sarma\AppData\Local\capsule\apps\net.corda.webserver.WebServer_3.3-corda\jersey-media-json-jackson-2.25.jar;C:\Users\kaushik.sarma\AppData\Local\capsule\apps\net.corda.webserver.WebServer_3.3-corda\kotlinx-html-jvm-0.6.3.jar;C:\Users\kaushik.sarma\AppData\Local\capsule\apps\net.corda.webserver.WebServer_3.3-corda\kotlin-stdlib-jre8-1.1.60.jar;C:\Users\kaushik.sarma\AppData\Local\capsule\apps\net.corda.webserver.WebServer_3.3-corda\jackson-module-kotlin-2.9.2.jar;C:\Users\kaushik.sarma\AppData\Local\capsule\apps\net.corda.webserver.WebServer_3.3-corda\kotlin-reflect-1.1.60.jar;C:\Users\kaushik.sarma\AppData\Local\capsule\apps\net.corda.webserver.WebServer_3.3-corda\cordform-common-3.2.1.jar;C:\Users\kaushik.sarma\AppData\Local\capsule\apps\net.corda.webserver.WebServer_3.3-corda\jsr305-3.0.2.jar;C:\Users\kaushik.sarma\AppData\Local\capsule\apps\net.corda.webserver.WebServer_3.3-corda\jcl-over-slf4j-1.7.25.jar;C:\Users\kaushik.sarma\AppData\Local\capsule\apps\net.corda.webserver.WebServer_3.3-corda\slf4j-api-1.7.25.jar;C:\Users\kaushik.sarma\AppData\Local\capsule\apps\net.corda.webserver.WebServer_3.3-corda\rxjava-1.2.4.jar;C:\Users\kaushik.sarma\AppData\Local\capsule\apps\net.corda.webserver.WebServer_3.3-corda\commons-jexl3-3.0.jar;C:\Users\kaushik.sarma\AppData\Local\capsule\apps\net.corda.webserver.WebServer_3.3-corda\jackson-datatype-jsr310-2.9.2.jar;C:\Users\kaushik.sarma\AppData\Local\capsule\apps\net.corda.webserver.WebServer_3.3-corda\jackson-jaxrs-json-provider-2.8.4.jar;C:\Users\kaushik.sarma\AppData\Local\capsule\apps\net.corda.webserver.WebServer_3.3-corda\jackson-jaxrs-base-2.8.4.jar;C:\Users\kaushik.sarma\AppData\Local\capsule\apps\net.corda.webserver.WebServer_3.3-corda\jackson-module-jaxb-annotations-2.8.4.jar;C:\Users\kaushik.sarma\AppData\Local\capsule\apps\net.corda.webserver.WebServer_3.3-corda\jackson-databind-2.9.2.jar;C:\Users\kaushik.sarma\AppData\Local\capsule\apps\net.corda.webserver.WebServer_3.3-corda\eddsa-0.2.0.jar;C:\Users\kaushik.sarma\AppData\Local\capsule\apps\net.corda.webserver.WebServer_3.3-corda\bcpkix-jdk15on-1.57.jar;C:\Users\kaushik.sarma\AppData\Local\capsule\apps\net.corda.webserver.WebServer_3.3-corda\bcprov-jdk15on-1.57.jar;C:\Users\kaushik.sarma\AppData\Local\capsule\apps\net.corda.webserver.WebServer_3.3-corda\hibernate-core-5.2.6.Final.jar;C:\Users\kaushik.sarma\AppData\Local\capsule\apps\net.corda.webserver.WebServer_3.3-corda\hibernate-jpa-2.1-api-1.0.0.Final.jar;C:\Users\kaushik.sarma\AppData\Local\capsule\apps\net.corda.webserver.WebServer_3.3-corda\quasar-core-0.7.9-jdk8.jar;C:\Users\kaushik.sarma\AppData\Local\capsule\apps\net.corda.webserver.WebServer_3.3-corda\jackson-dataformat-yaml-2.9.2.jar;C:\Users\kaushik.sarma\AppData\Local\capsule\apps\net.corda.webserver.WebServer_3.3-corda\artemis-core-client-2.2.0.jar;C:\Users\kaushik.sarma\AppData\Local\capsule\apps\net.corda.webserver.WebServer_3.3-corda\artemis-commons-2.2.0.jar;C:\Users\kaushik.sarma\AppData\Local\capsule\apps\net.corda.webserver.WebServer_3.3-corda\guava-21.0.jar;C:\Users\kaushik.sarma\AppData\Local\capsule\apps\net.corda.webserver.WebServer_3.3-corda\jetty-xml-9.4.7.v20170914.jar;C:\Users\kaushik.sarma\AppData\Local\capsule\apps\net.corda.webserver.WebServer_3.3-corda\commons-io-2.2.jar;C:\Users\kaushik.sarma\AppData\Local\capsule\apps\net.corda.webserver.WebServer_3.3-corda\log4j-api-2.9.1.jar;C:\Users\kaushik.sarma\AppData\Local\capsule\apps\net.corda.webserver.WebServer_3.3-corda\jersey-client-2.25.jar;C:\Users\kaushik.sarma\AppData\Local\capsule\apps\net.corda.webserver.WebServer_3.3-corda\jersey-media-jaxb-2.25.jar;C:\Users\kaushik.sarma\AppData\Local\capsule\apps\net.corda.webserver.WebServer_3.3-corda\jersey-common-2.25.jar;C:\Users\kaushik.sarma\AppData\Local\capsule\apps\net.corda.webserver.WebServer_3.3-corda\jersey-entity-filtering-2.25.jar;C:\Users\kaushik.sarma\AppData\Local\capsule\apps\net.corda.webserver.WebServer_3.3-corda\javax.ws.rs-api-2.0.1.jar;C:\Users\kaushik.sarma\AppData\Local\capsule\apps\net.corda.webserver.WebServer_3.3-corda\javax.annotation-api-1.2.jar;C:\Users\kaushik.sarma\AppData\Local\capsule\apps\net.corda.webserver.WebServer_3.3-corda\hk2-locator-2.5.0-b30.jar;C:\Users\kaushik.sarma\AppData\Local\capsule\apps\net.corda.webserver.WebServer_3.3-corda\hk2-api-2.5.0-b30.jar;C:\Users\kaushik.sarma\AppData\Local\capsule\apps\net.corda.webserver.WebServer_3.3-corda\javax.inject-2.5.0-b30.jar;C:\Users\kaushik.sarma\AppData\Local\capsule\apps\net.corda.webserver.WebServer_3.3-corda\validation-api-1.1.0.Final.jar;C:\Users\kaushik.sarma\AppData\Local\capsule\apps\net.corda.webserver.WebServer_3.3-corda\jetty-http-9.4.7.v20170914.jar;C:\Users\kaushik.sarma\AppData\Local\capsule\apps\net.corda.webserver.WebServer_3.3-corda\jetty-io-9.4.7.v20170914.jar;C:\Users\kaushik.sarma\AppData\Local\capsule\apps\net.corda.webserver.WebServer_3.3-corda\jetty-util-9.4.7.v20170914.jar;C:\Users\kaushik.sarma\AppData\Local\capsule\apps\net.corda.webserver.WebServer_3.3-corda\jackson-annotations-2.9.0.jar;C:\Users\kaushik.sarma\AppData\Local\capsule\apps\net.corda.webserver.WebServer_3.3-corda\kotlin-stdlib-jre7-1.1.60.jar;C:\Users\kaushik.sarma\AppData\Local\capsule\apps\net.corda.webserver.WebServer_3.3-corda\kotlin-stdlib-1.1.60.jar;C:\Users\kaushik.sarma\AppData\Local\capsule\apps\net.corda.webserver.WebServer_3.3-corda\jackson-core-2.9.2.jar;C:\Users\kaushik.sarma\AppData\Local\capsule\apps\net.corda.webserver.WebServer_3.3-corda\hibernate-commons-annotations-5.0.1.Final.jar;C:\Users\kaushik.sarma\AppData\Local\capsule\apps\net.corda.webserver.WebServer_3.3-corda\jboss-logging-3.3.0.Final.jar;C:\Users\kaushik.sarma\AppData\Local\capsule\apps\net.corda.webserver.WebServer_3.3-corda\javassist-3.20.0-GA.jar;C:\Users\kaushik.sarma\AppData\Local\capsule\apps\net.corda.webserver.WebServer_3.3-corda\antlr-2.7.7.jar;C:\Users\kaushik.sarma\AppData\Local\capsule\apps\net.corda.webserver.WebServer_3.3-corda\geronimo-jta_1.1_spec-1.1.1.jar;C:\Users\kaushik.sarma\AppData\Local\capsule\apps\net.corda.webserver.WebServer_3.3-corda\jandex-2.0.3.Final.jar;C:\Users\kaushik.sarma\AppData\Local\capsule\apps\net.corda.webserver.WebServer_3.3-corda\classmate-1.3.0.jar;C:\Users\kaushik.sarma\AppData\Local\capsule\apps\net.corda.webserver.WebServer_3.3-corda\dom4j-1.6.1.jar;C:\Users\kaushik.sarma\AppData\Local\capsule\apps\net.corda.webserver.WebServer_3.3-corda\cdi-api-1.1.jar;C:\Users\kaushik.sarma\AppData\Local\capsule\apps\net.corda.webserver.WebServer_3.3-corda\commons-collections4-4.1.jar;C:\Users\kaushik.sarma\AppData\Local\capsule\apps\net.corda.webserver.WebServer_3.3-corda\commons-beanutils-1.9.3.jar;C:\Users\kaushik.sarma\AppData\Local\capsule\apps\net.corda.webserver.WebServer_3.3-corda\config-1.3.1.jar;C:\Users\kaushik.sarma\AppData\Local\capsule\apps\net.corda.webserver.WebServer_3.3-corda\kryo-serializers-0.41.jar;C:\Users\kaushik.sarma\AppData\Local\capsule\apps\net.corda.webserver.WebServer_3.3-corda\kryo-4.0.0.jar;C:\Users\kaushik.sarma\AppData\Local\capsule\apps\net.corda.webserver.WebServer_3.3-corda\proton-j-0.21.0.jar;C:\Users\kaushik.sarma\AppData\Local\capsule\apps\net.corda.webserver.WebServer_3.3-corda\fast-classpath-scanner-2.12.3.jar;C:\Users\kaushik.sarma\AppData\Local\capsule\apps\net.corda.webserver.WebServer_3.3-corda\snakeyaml-1.18.jar;C:\Users\kaushik.sarma\AppData\Local\capsule\apps\net.corda.webserver.WebServer_3.3-corda\jersey-guava-2.25.jar;C:\Users\kaushik.sarma\AppData\Local\capsule\apps\net.corda.webserver.WebServer_3.3-corda\osgi-resource-locator-1.0.1.jar;C:\Users\kaushik.sarma\AppData\Local\capsule\apps\net.corda.webserver.WebServer_3.3-corda\hk2-utils-2.5.0-b30.jar;C:\Users\kaushik.sarma\AppData\Local\capsule\apps\net.corda.webserver.WebServer_3.3-corda\aopalliance-repackaged-2.5.0-b30.jar;C:\Users\kaushik.sarma\AppData\Local\capsule\apps\net.corda.webserver.WebServer_3.3-corda\el-api-2.2.jar;C:\Users\kaushik.sarma\AppData\Local\capsule\apps\net.corda.webserver.WebServer_3.3-corda\jboss-interceptors-api_1.1_spec-1.0.0.Beta1.jar;C:\Users\kaushik.sarma\AppData\Local\capsule\apps\net.corda.webserver.WebServer_3.3-corda\jsr250-api-1.0.jar;C:\Users\kaushik.sarma\AppData\Local\capsule\apps\net.corda.webserver.WebServer_3.3-corda\javax.inject-1.jar;C:\Users\kaushik.sarma\AppData\Local\capsule\apps\net.corda.webserver.WebServer_3.3-corda\commons-collections-3.2.2.jar;C:\Users\kaushik.sarma\AppData\Local\capsule\apps\net.corda.webserver.WebServer_3.3-corda\jgroups-3.6.13.Final.jar;C:\Users\kaushik.sarma\AppData\Local\capsule\apps\net.corda.webserver.WebServer_3.3-corda\netty-all-4.1.9.Final.jar;C:\Users\kaushik.sarma\AppData\Local\capsule\apps\net.corda.webserver.WebServer_3.3-corda\geronimo-json_1.0_spec-1.0-alpha-1.jar;C:\Users\kaushik.sarma\AppData\Local\capsule\apps\net.corda.webserver.WebServer_3.3-corda\johnzon-core-0.9.5.jar;C:\Users\kaushik.sarma\AppData\Local\capsule\apps\net.corda.webserver.WebServer_3.3-corda\reflectasm-1.11.3.jar;C:\Users\kaushik.sarma\AppData\Local\capsule\apps\net.corda.webserver.WebServer_3.3-corda\minlog-1.3.0.jar;C:\Users\kaushik.sarma\AppData\Local\capsule\apps\net.corda.webserver.WebServer_3.3-corda\objenesis-2.2.jar;C:\Users\kaushik.sarma\AppData\Local\capsule\apps\net.corda.webserver.WebServer_3.3-corda\asm-5.0.4.jar;C:\Users\kaushik.sarma\AppData\Local\capsule\apps\net.corda.webserver.WebServer_3.3-corda\annotations-13.0.jar;C:\Users\kaushik.sarma\AppData\Local\capsule\apps\net.corda.webserver.WebServer_3.3-corda\corda-webserver-impl-3.3-corda.jar;C:\Users\kaushik.sarma\Documents\Training\Blockchain\Corda tutorial\samples\cordapp-example\kotlin-source\build\nodes\PartyA\cordapps\corda-finance-3.3-corda.jar;C:\Users\kaushik.sarma\Documents\Training\Blockchain\Corda tutorial\samples\cordapp-example\kotlin-source\build\nodes\PartyA\cordapps\cordapp-example-0.1.jar;drivers/jolokia-jvm-1.3.7-agent.jar;C:\Users\kaushik.sarma\Documents\Training\Blockchain\Corda tutorial\samples\cordapp-example\kotlin-source\build\nodes\PartyA\corda-webserver.jar;C:\Users\kaushik.sarma\AppData\Local\capsule\apps\net.corda.webserver.WebServer_3.3-corda\quasar-core-0.7.9-jdk8.jar {}
[INFO ] 2019-02-13T09:03:27,324Z [main] Main.main - VM Java HotSpot(TM) Client VM Oracle Corporation 25.201-b09 {}
[INFO ] 2019-02-13T09:03:27,325Z [main] Main.main - Machine: BDC11-L-3L45QQ2 {}
[INFO ] 2019-02-13T09:03:27,325Z [main] Main.main - Working Directory: C:\Users\kaushik.sarma\Documents\Training\Blockchain\Corda tutorial\samples\cordapp-example\kotlin-source\build\nodes\PartyA {}
[INFO ] 2019-02-13T09:03:30,256Z [main] Main.main - Starting as webserver on localhost:10009 {}
[INFO ] 2019-02-13T09:03:30,541Z [main] BasicInfo.logAndMaybePrint - Starting as webserver: localhost:10009 {}
[WARN ] 2019-02-13T09:03:31,187Z [main] internal.config.defaultToOldPath - Config key user has been deprecated and will be removed in a future release. Use username instead {}
[INFO ] 2019-02-13T09:03:31,208Z [main] internal.NodeWebServer.connectLocalRpcAsNodeUser - Connecting to node at localhost:10008 as User(user1, permissions=[ALL]) {}
[INFO ] 2019-02-13T09:03:45,088Z [main] internal.RPCClient.logElapsedTime - Startup took 9424 msec {}
[WARN ] 2019-02-13T09:03:46,099Z [main] internal.config.defaultToOldPath - Config key user has been deprecated and will be removed in a future release. Use username instead {}
[INFO ] 2019-02-13T09:03:46,100Z [main] internal.NodeWebServer.connectLocalRpcAsNodeUser - Connecting to node at localhost:10008 as User(user1, permissions=[ALL]) {}
[INFO ] 2019-02-13T09:03:47,323Z [main] internal.RPCClient.logElapsedTime - Startup took 1222 msec {}
[WARN ] 2019-02-13T09:03:48,359Z [main] internal.config.defaultToOldPath - Config key user has been deprecated and will be removed in a future release. Use username instead {}
[INFO ] 2019-02-13T09:03:48,360Z [main] internal.NodeWebServer.connectLocalRpcAsNodeUser - Connecting to node at localhost:10008 as User(user1, permissions=[ALL]) {}
[INFO ] 2019-02-13T09:03:49,490Z [main] internal.RPCClient.logElapsedTime - Startup took 1129 msec {}
[WARN ] 2019-02-13T09:03:50,539Z [main] internal.config.defaultToOldPath - Config key user has been deprecated and will be removed in a future release. Use username instead {}
[INFO ] 2019-02-13T09:03:50,540Z [main] internal.NodeWebServer.connectLocalRpcAsNodeUser - Connecting to node at localhost:10008 as User(user1, permissions=[ALL]) {}
[INFO ] 2019-02-13T09:03:51,723Z [main] internal.RPCClient.logElapsedTime - Startup took 1182 msec {}
[WARN ] 2019-02-13T09:03:52,742Z [main] internal.config.defaultToOldPath - Config key user has been deprecated and will be removed in a future release. Use username instead {}
[INFO ] 2019-02-13T09:03:52,743Z [main] internal.NodeWebServer.connectLocalRpcAsNodeUser - Connecting to node at localhost:10008 as User(user1, permissions=[ALL]) {}
[INFO ] 2019-02-13T09:03:53,966Z [main] internal.RPCClient.logElapsedTime - Startup took 1223 msec {}
[WARN ] 2019-02-13T09:03:54,977Z [main] internal.config.defaultToOldPath - Config key user has been deprecated and will be removed in a future release. Use username instead {}
[INFO ] 2019-02-13T09:03:54,977Z [main] internal.NodeWebServer.connectLocalRpcAsNodeUser - Connecting to node at localhost:10008 as User(user1, permissions=[ALL]) {}
[INFO ] 2019-02-13T09:03:56,126Z [main] internal.RPCClient.logElapsedTime - Startup took 1148 msec {}
[WARN ] 2019-02-13T09:03:57,143Z [main] internal.config.defaultToOldPath - Config key user has been deprecated and will be removed in a future release. Use username instead {}
[INFO ] 2019-02-13T09:03:57,144Z [main] internal.NodeWebServer.connectLocalRpcAsNodeUser - Connecting to node at localhost:10008 as User(user1, permissions=[ALL]) {}
[INFO ] 2019-02-13T09:03:58,254Z [main] internal.RPCClient.logElapsedTime - Startup took 1110 msec {}
[WARN ] 2019-02-13T09:03:59,255Z [main] internal.config.defaultToOldPath - Config key user has been deprecated and will be removed in a future release. Use username instead {}
[INFO ] 2019-02-13T09:03:59,256Z [main] internal.NodeWebServer.connectLocalRpcAsNodeUser - Connecting to node at localhost:10008 as User(user1, permissions=[ALL]) {}
[INFO ] 2019-02-13T09:04:00,355Z [main] internal.RPCClient.logElapsedTime - Startup took 1099 msec {}
[WARN ] 2019-02-13T09:04:01,377Z [main] internal.config.defaultToOldPath - Config key user has been deprecated and will be removed in a future release. Use username instead {}
[INFO ] 2019-02-13T09:04:01,381Z [main] internal.NodeWebServer.connectLocalRpcAsNodeUser - Connecting to node at localhost:10008 as User(user1, permissions=[ALL]) {}
[INFO ] 2019-02-13T09:04:02,560Z [main] internal.RPCClient.logElapsedTime - Startup took 1178 msec {}
[WARN ] 2019-02-13T09:04:03,566Z [main] internal.config.defaultToOldPath - Config key user has been deprecated and will be removed in a future release. Use username instead {}
[INFO ] 2019-02-13T09:04:03,567Z [main] internal.NodeWebServer.connectLocalRpcAsNodeUser - Connecting to node at localhost:10008 as User(user1, permissions=[ALL]) {}
[INFO ] 2019-02-13T09:04:11,024Z [main] internal.RPCClient.logElapsedTime - Startup took 7457 msec {}
[INFO ] 2019-02-13T09:04:11,063Z [main] util.log.initialized - Logging initialized @54791ms to org.eclipse.jetty.util.log.Slf4jLog {}
[INFO ] 2019-02-13T09:04:13,040Z [main] internal.NodeWebServer.buildServletContextHandler - Add plugin web API from attachment com.example.plugin.ExamplePluginKt$sam$Function$8cbaf6f4@18b5d9e {}
[INFO ] 2019-02-13T09:04:14,229Z [main] server.Server.doStart - jetty-9.4.7.v20170914 {}
[INFO ] 2019-02-13T09:04:16,116Z [main] handler.ContextHandler.doStart - Started o.e.j.s.ServletContextHandler@14fe287{/,null,AVAILABLE} {}
[INFO ] 2019-02-13T09:04:16,163Z [main] server.AbstractConnector.doStart - Started ServerConnector@18458a1{HTTP/1.1,[http/1.1]}{0.0.0.0:10009} {}
[INFO ] 2019-02-13T09:04:16,163Z [main] server.Server.doStart - Started @59895ms {}
[INFO ] 2019-02-13T09:04:16,164Z [main] internal.NodeWebServer.initWebServer - Starting webserver on address localhost:10009 {}
[WARN ] 2019-02-13T10:33:15,046Z [Thread-2 (ActiveMQ-client-global-threads)] internal.RPCClientProxyHandler.cleanUpOnConnectionLoss - Terminating observables. {}
